[09Feb2022 17:28:06.291] [main/INFO] [cpw.mods.modlauncher.Launcher/MODLAUNCHER]: ModLauncher running: args [--gameDir, ., --launchTarget, fmluserdevclient, --fml.mcpVersion, 20210115.111550, --fml.mcVersion, 1.16.5, --fml.forgeGroup, net.minecraftforge, --fml.forgeVersion, 36.2.26, --assetIndex, 1.16, --assetsDir, C:\Users\Jaden Barker\.gradle\caches\forge_gradle\assets, --version, MOD_DEV, --username, Dev, --accessToken, ❄❄❄❄❄❄❄❄, --userProperties, {}]
[09Feb2022 17:28:06.295] [main/INFO] [cpw.mods.modlauncher.Launcher/MODLAUNCHER]: ModLauncher 8.1.3+8.1.3+main-8.1.x.c94d18ec starting: java version 16.0.2 by Amazon.com Inc.
[09Feb2022 17:28:06.524] [main/INFO] [net.minecraftforge.fml.loading.FixSSL/CORE]: Added Lets Encrypt root certificates as additional trust
[09Feb2022 17:28:06.569] [main/INFO] [mixin/]: SpongePowered MIXIN Subsystem Version=0.8.4 Source=file:/C:/Users/Jaden%20Barker/.gradle/caches/modules-2/files-2.1/org.spongepowered/mixin/0.8.4/4ec7d77d9ab32596ca0b78bb123956734767e3a/mixin-0.8.4.jar Service=ModLauncher Env=CLIENT
[09Feb2022 17:28:08.005] [main/INFO] [cpw.mods.modlauncher.LaunchServiceHandler/MODLAUNCHER]: Launching target 'fmluserdevclient' with arguments [--version, MOD_DEV, --gameDir, ., --assetsDir, C:\Users\Jaden Barker\.gradle\caches\forge_gradle\assets, --assetIndex, 1.16, --username, Dev, --accessToken, ❄❄❄❄❄❄❄❄, --userProperties, {}]
[09Feb2022 17:28:08.605] [main/FATAL] [mixin/]: Mixin apply failed pehkui.mixins.json:EntityVehicleHeightOffsetMixin -> net.minecraft.entity.player.PlayerEntity: org.spongepowered.asm.mixin.injection.throwables.InvalidInjectionException Critical injection failure: @Inject annotation on onGetHeightOffset could not find any targets matching 'func_70033_W()D' in net.minecraft.entity.player.PlayerEntity. Using refmap Pehkui-refmap.json [PREINJECT Applicator Phase -> pehkui.mixins.json:EntityVehicleHeightOffsetMixin -> Prepare Injections ->  -> handler$zbf000$onGetHeightOffset(Lorg/spongepowered/asm/mixin/injection/callback/CallbackInfoReturnable;)V -> Parse]
org.spongepowered.asm.mixin.injection.throwables.InvalidInjectionException: Critical injection failure: @Inject annotation on onGetHeightOffset could not find any targets matching 'func_70033_W()D' in net.minecraft.entity.player.PlayerEntity. Using refmap Pehkui-refmap.json [PREINJECT Applicator Phase -> pehkui.mixins.json:EntityVehicleHeightOffsetMixin -> Prepare Injections ->  -> handler$zbf000$onGetHeightOffset(Lorg/spongepowered/asm/mixin/injection/callback/CallbackInfoReturnable;)V -> Parse]
	at org.spongepowered.asm.mixin.injection.struct.InjectionInfo.validateTargets(InjectionInfo.java:656) ~[mixin-0.8.4.jar:0.8.4+Jenkins-b308.git-2accda5000f7602229606b39437565542cc6fba4]
	at org.spongepowered.asm.mixin.injection.struct.InjectionInfo.findTargets(InjectionInfo.java:587) ~[mixin-0.8.4.jar:0.8.4+Jenkins-b308.git-2accda5000f7602229606b39437565542cc6fba4]
	at org.spongepowered.asm.mixin.injection.struct.InjectionInfo.readAnnotation(InjectionInfo.java:330) ~[mixin-0.8.4.jar:0.8.4+Jenkins-b308.git-2accda5000f7602229606b39437565542cc6fba4]
	at org.spongepowered.asm.mixin.injection.struct.InjectionInfo.<init>(InjectionInfo.java:316) ~[mixin-0.8.4.jar:0.8.4+Jenkins-b308.git-2accda5000f7602229606b39437565542cc6fba4]
	at org.spongepowered.asm.mixin.injection.struct.InjectionInfo.<init>(InjectionInfo.java:308) ~[mixin-0.8.4.jar:0.8.4+Jenkins-b308.git-2accda5000f7602229606b39437565542cc6fba4]
	at org.spongepowered.asm.mixin.injection.struct.CallbackInjectionInfo.<init>(CallbackInjectionInfo.java:46) ~[mixin-0.8.4.jar:0.8.4+Jenkins-b308.git-2accda5000f7602229606b39437565542cc6fba4]
	at jdk.internal.reflect.NativeConstructorAccessorImpl.newInstance0(Native Method) ~[?:?]
	at jdk.internal.reflect.NativeConstructorAccessorImpl.newInstance(NativeConstructorAccessorImpl.java:78) ~[?:?]
	at jdk.internal.reflect.DelegatingConstructorAccessorImpl.newInstance(DelegatingConstructorAccessorImpl.java:45) ~[?:?]
	at java.lang.reflect.Constructor.newInstanceWithCaller(Constructor.java:499) ~[?:?]
	at java.lang.reflect.Constructor.newInstance(Constructor.java:480) ~[?:?]
	at org.spongepowered.asm.mixin.injection.struct.InjectionInfo$InjectorEntry.create(InjectionInfo.java:149) ~[mixin-0.8.4.jar:0.8.4+Jenkins-b308.git-2accda5000f7602229606b39437565542cc6fba4]
	at org.spongepowered.asm.mixin.injection.struct.InjectionInfo.parse(InjectionInfo.java:708) ~[mixin-0.8.4.jar:0.8.4+Jenkins-b308.git-2accda5000f7602229606b39437565542cc6fba4]
	at org.spongepowered.asm.mixin.transformer.MixinTargetContext.prepareInjections(MixinTargetContext.java:1311) ~[mixin-0.8.4.jar:0.8.4+Jenkins-b308.git-2accda5000f7602229606b39437565542cc6fba4]
	at org.spongepowered.asm.mixin.transformer.MixinApplicatorStandard.prepareInjections(MixinApplicatorStandard.java:1042) ~[mixin-0.8.4.jar:0.8.4+Jenkins-b308.git-2accda5000f7602229606b39437565542cc6fba4]
	at org.spongepowered.asm.mixin.transformer.MixinApplicatorStandard.applyMixin(MixinApplicatorStandard.java:393) ~[mixin-0.8.4.jar:0.8.4+Jenkins-b308.git-2accda5000f7602229606b39437565542cc6fba4]
	at org.spongepowered.asm.mixin.transformer.MixinApplicatorStandard.apply(MixinApplicatorStandard.java:325) ~[mixin-0.8.4.jar:0.8.4+Jenkins-b308.git-2accda5000f7602229606b39437565542cc6fba4]
	at org.spongepowered.asm.mixin.transformer.TargetClassContext.apply(TargetClassContext.java:383) ~[mixin-0.8.4.jar:0.8.4+Jenkins-b308.git-2accda5000f7602229606b39437565542cc6fba4]
	at org.spongepowered.asm.mixin.transformer.TargetClassContext.applyMixins(TargetClassContext.java:365) ~[mixin-0.8.4.jar:0.8.4+Jenkins-b308.git-2accda5000f7602229606b39437565542cc6fba4]
	at org.spongepowered.asm.mixin.transformer.MixinProcessor.applyMixins(MixinProcessor.java:363) ~[mixin-0.8.4.jar:0.8.4+Jenkins-b308.git-2accda5000f7602229606b39437565542cc6fba4]
	at org.spongepowered.asm.mixin.transformer.MixinTransformer.transformClass(MixinTransformer.java:250) ~[mixin-0.8.4.jar:0.8.4+Jenkins-b308.git-2accda5000f7602229606b39437565542cc6fba4]
	at org.spongepowered.asm.service.modlauncher.MixinTransformationHandler.processClass(MixinTransformationHandler.java:131) ~[mixin-0.8.4.jar:0.8.4+Jenkins-b308.git-2accda5000f7602229606b39437565542cc6fba4]
	at org.spongepowered.asm.launch.MixinLaunchPluginLegacy.processClass(MixinLaunchPluginLegacy.java:131) ~[mixin-0.8.4.jar:0.8.4+Jenkins-b308.git-2accda5000f7602229606b39437565542cc6fba4]
	at cpw.mods.modlauncher.serviceapi.ILaunchPluginService.processClassWithFlags(ILaunchPluginService.java:154) ~[modlauncher-8.1.3.jar:8.1.3+8.1.3+main-8.1.x.c94d18ec]
	at cpw.mods.modlauncher.LaunchPluginHandler.offerClassNodeToPlugins(LaunchPluginHandler.java:85) ~[modlauncher-8.1.3.jar:?]
	at cpw.mods.modlauncher.ClassTransformer.transform(ClassTransformer.java:120) ~[modlauncher-8.1.3.jar:?]
	at cpw.mods.modlauncher.TransformingClassLoader$DelegatedClassLoader.findClass(TransformingClassLoader.java:265) ~[modlauncher-8.1.3.jar:?]
	at cpw.mods.modlauncher.TransformingClassLoader.loadClass(TransformingClassLoader.java:136) ~[modlauncher-8.1.3.jar:?]
	at cpw.mods.modlauncher.TransformingClassLoader.loadClass(TransformingClassLoader.java:98) ~[modlauncher-8.1.3.jar:?]
	at java.lang.ClassLoader.loadClass(ClassLoader.java:519) ~[?:?]
	at net.minecraft.client.main.Main.main(Main.java:118) ~[forge-1.16.5-36.2.26_mapped_snapshot_20210309-1.16.5-recomp.jar:?]
	at jdk.internal.reflect.NativeMethodAccessorImpl.invoke0(Native Method) ~[?:?]
	at jdk.internal.reflect.NativeMethodAccessorImpl.invoke(NativeMethodAccessorImpl.java:78) ~[?:?]
	at jdk.internal.reflect.DelegatingMethodAccessorImpl.invoke(DelegatingMethodAccessorImpl.java:43) ~[?:?]
	at java.lang.reflect.Method.invoke(Method.java:567) ~[?:?]
	at net.minecraftforge.userdev.FMLUserdevClientLaunchProvider.lambda$launchService$0(FMLUserdevClientLaunchProvider.java:52) ~[forge-1.16.5-36.2.26_mapped_snapshot_20210309-1.16.5-recomp.jar:?]
	at cpw.mods.modlauncher.LaunchServiceHandlerDecorator.launch(LaunchServiceHandlerDecorator.java:37) [modlauncher-8.1.3.jar:?]
	at cpw.mods.modlauncher.LaunchServiceHandler.launch(LaunchServiceHandler.java:54) [modlauncher-8.1.3.jar:?]
	at cpw.mods.modlauncher.LaunchServiceHandler.launch(LaunchServiceHandler.java:72) [modlauncher-8.1.3.jar:?]
	at cpw.mods.modlauncher.Launcher.run(Launcher.java:82) [modlauncher-8.1.3.jar:?]
	at cpw.mods.modlauncher.Launcher.main(Launcher.java:66) [modlauncher-8.1.3.jar:?]
	at net.minecraftforge.userdev.LaunchTesting.main(LaunchTesting.java:108) [forge-1.16.5-36.2.26_mapped_snapshot_20210309-1.16.5-recomp.jar:?]
[09Feb2022 17:28:08.610] [main/INFO] [STDERR/]: [java.lang.ThreadGroup:uncaughtException:1069]: java.lang.RuntimeException: java.lang.reflect.InvocationTargetException
[09Feb2022 17:28:08.610] [main/INFO] [STDERR/]: [java.lang.ThreadGroup:uncaughtException:1069]: 	at cpw.mods.modlauncher.LaunchServiceHandlerDecorator.launch(LaunchServiceHandlerDecorator.java:39)
[09Feb2022 17:28:08.610] [main/INFO] [STDERR/]: [java.lang.ThreadGroup:uncaughtException:1069]: 	at cpw.mods.modlauncher.LaunchServiceHandler.launch(LaunchServiceHandler.java:54)
[09Feb2022 17:28:08.610] [main/INFO] [STDERR/]: [java.lang.ThreadGroup:uncaughtException:1069]: 	at cpw.mods.modlauncher.LaunchServiceHandler.launch(LaunchServiceHandler.java:72)
[09Feb2022 17:28:08.611] [main/INFO] [STDERR/]: [java.lang.ThreadGroup:uncaughtException:1069]: 	at cpw.mods.modlauncher.Launcher.run(Launcher.java:82)
[09Feb2022 17:28:08.611] [main/INFO] [STDERR/]: [java.lang.ThreadGroup:uncaughtException:1069]: 	at cpw.mods.modlauncher.Launcher.main(Launcher.java:66)
[09Feb2022 17:28:08.611] [main/INFO] [STDERR/]: [java.lang.ThreadGroup:uncaughtException:1069]: 	at net.minecraftforge.userdev.LaunchTesting.main(LaunchTesting.java:108)
[09Feb2022 17:28:08.611] [main/INFO] [STDERR/]: [java.lang.ThreadGroup:uncaughtException:1078]: Caused by: java.lang.reflect.InvocationTargetException
[09Feb2022 17:28:08.611] [main/INFO] [STDERR/]: [java.lang.ThreadGroup:uncaughtException:1078]: 	at java.base/jdk.internal.reflect.NativeMethodAccessorImpl.invoke0(Native Method)
[09Feb2022 17:28:08.611] [main/INFO] [STDERR/]: [java.lang.ThreadGroup:uncaughtException:1078]: 	at java.base/jdk.internal.reflect.NativeMethodAccessorImpl.invoke(NativeMethodAccessorImpl.java:78)
[09Feb2022 17:28:08.611] [main/INFO] [STDERR/]: [java.lang.ThreadGroup:uncaughtException:1078]: 	at java.base/jdk.internal.reflect.DelegatingMethodAccessorImpl.invoke(DelegatingMethodAccessorImpl.java:43)
[09Feb2022 17:28:08.611] [main/INFO] [STDERR/]: [java.lang.ThreadGroup:uncaughtException:1078]: 	at java.base/java.lang.reflect.Method.invoke(Method.java:567)
[09Feb2022 17:28:08.611] [main/INFO] [STDERR/]: [java.lang.ThreadGroup:uncaughtException:1078]: 	at net.minecraftforge.userdev.FMLUserdevClientLaunchProvider.lambda$launchService$0(FMLUserdevClientLaunchProvider.java:52)
[09Feb2022 17:28:08.611] [main/INFO] [STDERR/]: [java.lang.ThreadGroup:uncaughtException:1078]: 	at cpw.mods.modlauncher.LaunchServiceHandlerDecorator.launch(LaunchServiceHandlerDecorator.java:37)
[09Feb2022 17:28:08.611] [main/INFO] [STDERR/]: [java.lang.ThreadGroup:uncaughtException:1078]: 	... 5 more
[09Feb2022 17:28:08.611] [main/INFO] [STDERR/]: [java.lang.Throwable:printStackTrace:659]: Caused by: org.spongepowered.asm.mixin.transformer.throwables.MixinTransformerError: An unexpected critical error was encountered
[09Feb2022 17:28:08.611] [main/INFO] [STDERR/]: [java.lang.Throwable:printStackTrace:659]: 	at org.spongepowered.asm.mixin.transformer.MixinProcessor.applyMixins(MixinProcessor.java:392)
[09Feb2022 17:28:08.612] [main/INFO] [STDERR/]: [java.lang.Throwable:printStackTrace:659]: 	at org.spongepowered.asm.mixin.transformer.MixinTransformer.transformClass(MixinTransformer.java:250)
[09Feb2022 17:28:08.612] [main/INFO] [STDERR/]: [java.lang.Throwable:printStackTrace:659]: 	at org.spongepowered.asm.service.modlauncher.MixinTransformationHandler.processClass(MixinTransformationHandler.java:131)
[09Feb2022 17:28:08.612] [main/INFO] [STDERR/]: [java.lang.Throwable:printStackTrace:659]: 	at org.spongepowered.asm.launch.MixinLaunchPluginLegacy.processClass(MixinLaunchPluginLegacy.java:131)
[09Feb2022 17:28:08.612] [main/INFO] [STDERR/]: [java.lang.Throwable:printStackTrace:659]: 	at cpw.mods.modlauncher.serviceapi.ILaunchPluginService.processClassWithFlags(ILaunchPluginService.java:154)
[09Feb2022 17:28:08.612] [main/INFO] [STDERR/]: [java.lang.Throwable:printStackTrace:659]: 	at cpw.mods.modlauncher.LaunchPluginHandler.offerClassNodeToPlugins(LaunchPluginHandler.java:85)
[09Feb2022 17:28:08.612] [main/INFO] [STDERR/]: [java.lang.Throwable:printStackTrace:659]: 	at cpw.mods.modlauncher.ClassTransformer.transform(ClassTransformer.java:120)
[09Feb2022 17:28:08.612] [main/INFO] [STDERR/]: [java.lang.Throwable:printStackTrace:659]: 	at cpw.mods.modlauncher.TransformingClassLoader$DelegatedClassLoader.findClass(TransformingClassLoader.java:265)
[09Feb2022 17:28:08.612] [main/INFO] [STDERR/]: [java.lang.Throwable:printStackTrace:659]: 	at cpw.mods.modlauncher.TransformingClassLoader.loadClass(TransformingClassLoader.java:136)
[09Feb2022 17:28:08.612] [main/INFO] [STDERR/]: [java.lang.Throwable:printStackTrace:659]: 	at cpw.mods.modlauncher.TransformingClassLoader.loadClass(TransformingClassLoader.java:98)
[09Feb2022 17:28:08.612] [main/INFO] [STDERR/]: [java.lang.Throwable:printStackTrace:659]: 	at java.base/java.lang.ClassLoader.loadClass(ClassLoader.java:519)
[09Feb2022 17:28:08.612] [main/INFO] [STDERR/]: [java.lang.Throwable:printStackTrace:659]: 	at net.minecraft.client.main.Main.main(Main.java:118)
[09Feb2022 17:28:08.612] [main/INFO] [STDERR/]: [java.lang.Throwable:printStackTrace:659]: 	... 11 more
[09Feb2022 17:28:08.612] [main/INFO] [STDERR/]: [java.lang.Throwable:printStackTrace:682]: Caused by: org.spongepowered.asm.mixin.throwables.MixinApplyError: Mixin [pehkui.mixins.json:EntityVehicleHeightOffsetMixin] from phase [DEFAULT] in config [pehkui.mixins.json] FAILED during APPLY
[09Feb2022 17:28:08.613] [main/INFO] [STDERR/]: [java.lang.Throwable:printStackTrace:682]: 	at org.spongepowered.asm.mixin.transformer.MixinProcessor.handleMixinError(MixinProcessor.java:636)
[09Feb2022 17:28:08.613] [main/INFO] [STDERR/]: [java.lang.Throwable:printStackTrace:682]: 	at org.spongepowered.asm.mixin.transformer.MixinProcessor.handleMixinApplyError(MixinProcessor.java:588)
[09Feb2022 17:28:08.613] [main/INFO] [STDERR/]: [java.lang.Throwable:printStackTrace:682]: 	at org.spongepowered.asm.mixin.transformer.MixinProcessor.applyMixins(MixinProcessor.java:379)
[09Feb2022 17:28:08.613] [main/INFO] [STDERR/]: [java.lang.Throwable:printStackTrace:682]: 	... 22 more
[09Feb2022 17:28:08.613] [main/INFO] [STDERR/]: [java.lang.Throwable:printEnclosedStackTrace:724]: Caused by: org.spongepowered.asm.mixin.injection.throwables.InvalidInjectionException: Critical injection failure: @Inject annotation on onGetHeightOffset could not find any targets matching 'func_70033_W()D' in net.minecraft.entity.player.PlayerEntity. Using refmap Pehkui-refmap.json [PREINJECT Applicator Phase -> pehkui.mixins.json:EntityVehicleHeightOffsetMixin -> Prepare Injections ->  -> handler$zbf000$onGetHeightOffset(Lorg/spongepowered/asm/mixin/injection/callback/CallbackInfoReturnable;)V -> Parse]
[09Feb2022 17:28:08.613] [main/INFO] [STDERR/]: [java.lang.Throwable:printEnclosedStackTrace:724]: 	at org.spongepowered.asm.mixin.injection.struct.InjectionInfo.validateTargets(InjectionInfo.java:656)
[09Feb2022 17:28:08.613] [main/INFO] [STDERR/]: [java.lang.Throwable:printEnclosedStackTrace:724]: 	at org.spongepowered.asm.mixin.injection.struct.InjectionInfo.findTargets(InjectionInfo.java:587)
[09Feb2022 17:28:08.613] [main/INFO] [STDERR/]: [java.lang.Throwable:printEnclosedStackTrace:724]: 	at org.spongepowered.asm.mixin.injection.struct.InjectionInfo.readAnnotation(InjectionInfo.java:330)
[09Feb2022 17:28:08.613] [main/INFO] [STDERR/]: [java.lang.Throwable:printEnclosedStackTrace:724]: 	at org.spongepowered.asm.mixin.injection.struct.InjectionInfo.<init>(InjectionInfo.java:316)
[09Feb2022 17:28:08.613] [main/INFO] [STDERR/]: [java.lang.Throwable:printEnclosedStackTrace:724]: 	at org.spongepowered.asm.mixin.injection.struct.InjectionInfo.<init>(InjectionInfo.java:308)
[09Feb2022 17:28:08.613] [main/INFO] [STDERR/]: [java.lang.Throwable:printEnclosedStackTrace:724]: 	at org.spongepowered.asm.mixin.injection.struct.CallbackInjectionInfo.<init>(CallbackInjectionInfo.java:46)
[09Feb2022 17:28:08.613] [main/INFO] [STDERR/]: [java.lang.Throwable:printEnclosedStackTrace:724]: 	at java.base/jdk.internal.reflect.NativeConstructorAccessorImpl.newInstance0(Native Method)
[09Feb2022 17:28:08.613] [main/INFO] [STDERR/]: [java.lang.Throwable:printEnclosedStackTrace:724]: 	at java.base/jdk.internal.reflect.NativeConstructorAccessorImpl.newInstance(NativeConstructorAccessorImpl.java:78)
[09Feb2022 17:28:08.614] [main/INFO] [STDERR/]: [java.lang.Throwable:printEnclosedStackTrace:724]: 	at java.base/jdk.internal.reflect.DelegatingConstructorAccessorImpl.newInstance(DelegatingConstructorAccessorImpl.java:45)
[09Feb2022 17:28:08.614] [main/INFO] [STDERR/]: [java.lang.Throwable:printEnclosedStackTrace:724]: 	at java.base/java.lang.reflect.Constructor.newInstanceWithCaller(Constructor.java:499)
[09Feb2022 17:28:08.614] [main/INFO] [STDERR/]: [java.lang.Throwable:printEnclosedStackTrace:724]: 	at java.base/java.lang.reflect.Constructor.newInstance(Constructor.java:480)
[09Feb2022 17:28:08.614] [main/INFO] [STDERR/]: [java.lang.Throwable:printEnclosedStackTrace:724]: 	at org.spongepowered.asm.mixin.injection.struct.InjectionInfo$InjectorEntry.create(InjectionInfo.java:149)
[09Feb2022 17:28:08.614] [main/INFO] [STDERR/]: [java.lang.Throwable:printEnclosedStackTrace:724]: 	at org.spongepowered.asm.mixin.injection.struct.InjectionInfo.parse(InjectionInfo.java:708)
[09Feb2022 17:28:08.614] [main/INFO] [STDERR/]: [java.lang.Throwable:printEnclosedStackTrace:724]: 	at org.spongepowered.asm.mixin.transformer.MixinTargetContext.prepareInjections(MixinTargetContext.java:1311)
[09Feb2022 17:28:08.614] [main/INFO] [STDERR/]: [java.lang.Throwable:printEnclosedStackTrace:724]: 	at org.spongepowered.asm.mixin.transformer.MixinApplicatorStandard.prepareInjections(MixinApplicatorStandard.java:1042)
[09Feb2022 17:28:08.614] [main/INFO] [STDERR/]: [java.lang.Throwable:printEnclosedStackTrace:724]: 	at org.spongepowered.asm.mixin.transformer.MixinApplicatorStandard.applyMixin(MixinApplicatorStandard.java:393)
[09Feb2022 17:28:08.614] [main/INFO] [STDERR/]: [java.lang.Throwable:printEnclosedStackTrace:724]: 	at org.spongepowered.asm.mixin.transformer.MixinApplicatorStandard.apply(MixinApplicatorStandard.java:325)
[09Feb2022 17:28:08.614] [main/INFO] [STDERR/]: [java.lang.Throwable:printEnclosedStackTrace:724]: 	at org.spongepowered.asm.mixin.transformer.TargetClassContext.apply(TargetClassContext.java:383)
[09Feb2022 17:28:08.614] [main/INFO] [STDERR/]: [java.lang.Throwable:printEnclosedStackTrace:724]: 	at org.spongepowered.asm.mixin.transformer.TargetClassContext.applyMixins(TargetClassContext.java:365)
[09Feb2022 17:28:08.614] [main/INFO] [STDERR/]: [java.lang.Throwable:printEnclosedStackTrace:724]: 	at org.spongepowered.asm.mixin.transformer.MixinProcessor.applyMixins(MixinProcessor.java:363)
[09Feb2022 17:28:08.614] [main/INFO] [STDERR/]: [java.lang.Throwable:printEnclosedStackTrace:724]: 	... 22 more
